<?xml version="1.0" encoding="UTF-8"?>
<testsuite name="com.MaximumNumberTest.MaximumNumberTest" tests="9" skipped="0" failures="0" errors="0" timestamp="2020-12-03T11:39:09" hostname="DESKTOP-H3OO9IA" time="0.051">
  <properties/>
  <testcase name="givenMaximumInteger_asSecondIndex_ShouldReturnMaximumInteger" classname="com.MaximumNumberTest.MaximumNumberTest" time="0.006"/>
  <testcase name="givenMaximumString_asSecondIndex_ShouldReturnMaximumString" classname="com.MaximumNumberTest.MaximumNumberTest" time="0.002"/>
  <testcase name="givenMaximumString_asThirdIndex_ShouldReturnMaximumString" classname="com.MaximumNumberTest.MaximumNumberTest" time="0.002"/>
  <testcase name="givenMaximumInteger_asThirdIndex_ShouldReturnMaximumInteger" classname="com.MaximumNumberTest.MaximumNumberTest" time="0.001"/>
  <testcase name="givenMaximumFloat_asSecondIndex_ShouldReturnMaximumFloat" classname="com.MaximumNumberTest.MaximumNumberTest" time="0.004"/>
  <testcase name="givenMaximumInteger_asFirstIndex_ShouldReturnMaximumInteger" classname="com.MaximumNumberTest.MaximumNumberTest" time="0.006"/>
  <testcase name="givenMaximumString_asFirstIndex_ShouldReturnMaximumString" classname="com.MaximumNumberTest.MaximumNumberTest" time="0.0"/>
  <testcase name="givenMaximumFloat_asFirstIndex_ShouldReturnMaximumFloat" classname="com.MaximumNumberTest.MaximumNumberTest" time="0.003"/>
  <testcase name="givenMaximumFloat_asThirdIndex_ShouldReturnMaximumFloat" classname="com.MaximumNumberTest.MaximumNumberTest" time="0.004"/>
  <system-out><![CDATA[Welcome to Maximum Test Program
Welcome to Maximum Test Program
Welcome to Maximum Test Program
Welcome to Maximum Test Program
Welcome to Maximum Test Program
Welcome to Maximum Test Program
Welcome to Maximum Test Program
Welcome to Maximum Test Program
Welcome to Maximum Test Program
]]></system-out>
  <system-err><![CDATA[]]></system-err>
</testsuite>
